make: Entering directory '/home/user/ebpf-tests-3-1/XDPs/xdp_synproxy'
clang -O2 -g -Wall -target bpf -I. -I../tools -I.. -I/usr/include/bpf -I/usr/include/x86_64-linux-gnu/linux -D__TARGET_ARCH_x86 -c xdp_synproxy_kern.c -o xdp_synproxy_kern.bpf.o
xdp_synproxy_kern.c:231:16: warning: comparison of distinct pointer types ('__u8 *' (aka 'unsigned char *') and 'void *') [-Wcompare-distinct-pointer-types]
  231 |         if (data + sz >= ctx->data_end)
      |             ~~~~~~~~~ ^  ~~~~~~~~~~~~~
xdp_synproxy_kern.c:408:19: warning: comparison of distinct pointer types ('struct ethhdr *' and 'void *') [-Wcompare-distinct-pointer-types]
  408 |         if (hdr->eth + 1 > data_end)
      |             ~~~~~~~~~~~~ ^ ~~~~~~~~
xdp_synproxy_kern.c:416:21: warning: comparison of distinct pointer types ('struct iphdr *' and 'void *') [-Wcompare-distinct-pointer-types]
  416 |                 if (hdr->ipv4 + 1 > data_end)
      |                     ~~~~~~~~~~~~~ ^ ~~~~~~~~
xdp_synproxy_kern.c:432:21: warning: comparison of distinct pointer types ('struct ipv6hdr *' and 'void *') [-Wcompare-distinct-pointer-types]
  432 |                 if (hdr->ipv6 + 1 > data_end)
      |                     ~~~~~~~~~~~~~ ^ ~~~~~~~~
xdp_synproxy_kern.c:450:19: warning: comparison of distinct pointer types ('struct tcphdr *' and 'void *') [-Wcompare-distinct-pointer-types]
  450 |         if (hdr->tcp + 1 > data_end)
      |             ~~~~~~~~~~~~ ^ ~~~~~~~~
5 warnings generated.
Compiling user-space program: xdp_synproxy
clang -O2 -g -Wall -I. -I../tools -I.. -I/usr/include/bpf -I/usr/include -I/usr/include/x86_64-linux-gnu/linux -lbpf -lbfd -lelf -lz -lcap -lmnl  xdp_synproxy.c -o xdp_synproxy
make: Leaving directory '/home/user/ebpf-tests-3-1/XDPs/xdp_synproxy'
