make: Entering directory '/home/user/ebpf-tests-3-1/XDPs/xdp_synproxy'
clang -O2 -g -Wall -target bpf -I. -I../tools -I.. -I/usr/include/bpf -I/usr/include/x86_64-linux-gnu/linux -D__TARGET_ARCH_x86 -c xdp_synproxy_kern.c -o xdp_synproxy_kern.bpf.o
xdp_synproxy_kern.c:208:16: warning: comparison of distinct pointer types ('__u8 *' (aka 'unsigned char *') and 'void *') [-Wcompare-distinct-pointer-types]
  208 |         if (data + sz >= ctx->data_end)
      |             ~~~~~~~~~ ^  ~~~~~~~~~~~~~
xdp_synproxy_kern.c:377:19: warning: comparison of distinct pointer types ('struct ethhdr *' and 'void *') [-Wcompare-distinct-pointer-types]
  377 |         if (hdr->eth + 1 > data_end)
      |             ~~~~~~~~~~~~ ^ ~~~~~~~~
xdp_synproxy_kern.c:384:5: warning: incompatible pointer types initializing 'struct (unnamed struct at xdp_synproxy_kern.c:381:2) *' with an expression of type '__u8 *' (aka 'unsigned char *') [-Wincompatible-pointer-types]
  384 |         } *flexible_struct = (__u8 *)hdr->tcp;
      |            ^                 ~~~~~~~~~~~~~~~~
xdp_synproxy_kern.c:393:21: warning: comparison of distinct pointer types ('struct iphdr *' and 'void *') [-Wcompare-distinct-pointer-types]
  393 |                 if (hdr->ipv4 + 1 > data_end)
      |                     ~~~~~~~~~~~~~ ^ ~~~~~~~~
xdp_synproxy_kern.c:409:21: warning: comparison of distinct pointer types ('struct ipv6hdr *' and 'void *') [-Wcompare-distinct-pointer-types]
  409 |                 if (hdr->ipv6 + 1 > data_end)
      |                     ~~~~~~~~~~~~~ ^ ~~~~~~~~
xdp_synproxy_kern.c:427:19: warning: comparison of distinct pointer types ('struct tcphdr *' and 'void *') [-Wcompare-distinct-pointer-types]
  427 |         if (hdr->tcp + 1 > data_end)
      |             ~~~~~~~~~~~~ ^ ~~~~~~~~
6 warnings generated.
Compiling user-space program: xdp_synproxy
clang -O2 -g -Wall -I. -I../tools -I.. -I/usr/include/bpf -I/usr/include -I/usr/include/x86_64-linux-gnu/linux -lbpf -lbfd -lelf -lz -lcap -lmnl  xdp_synproxy.c -o xdp_synproxy
make: Leaving directory '/home/user/ebpf-tests-3-1/XDPs/xdp_synproxy'
